2019-03-13 00:03:26,814 DEBUG DebugLogger - IBM - https://api.twilio.com/2010-04-01/Accounts/ACdfe342ddbecf65b044a7e098180a75e3/Recordings/RE16407a7b2a72c7cbabc38ca7800b75f6
2019-03-13 00:03:26,817 ERROR MonitoringLogger - Exception in IvrFlowController/Recorded
System.Security.VerificationException: Method System.Net.Http.CloneableExtensions.Clone: type argument 'System.Net.Http.Headers.MediaTypeHeaderValue' violates the constraint of type parameter 'T'.
   at System.Net.Http.Formatting.MediaTypeConstants.get_ApplicationJsonMediaType()
   at System.Net.Http.Formatting.JsonMediaTypeFormatter..ctor()
   at System.Net.Http.Formatting.MediaTypeFormatterCollection.CreateDefaultFormatters()
   at IBM.WatsonDeveloperCloud.Http.WatsonHttpClient..ctor(String baseUri, String userName, String password)
   at IBM.WatsonDeveloperCloud.Service.WatsonService..ctor(String serviceName, String url)
   at IBM.WatsonDeveloperCloud.SpeechToText.v1.SpeechToTextService..ctor(TokenOptions options)
   at ivr_webhook.Controllers.IBMWatsonController.Recorded(BodyData bodyData) in D:\Projects\ivr\ivr-webhook\Controllers\IBMWatsonController.cs:line 67
2019-03-13 00:05:26,270 DEBUG DebugLogger - IBM - https://api.twilio.com/2010-04-01/Accounts/ACdfe342ddbecf65b044a7e098180a75e3/Recordings/RE7615352505187bcdd497fde287f93922
2019-03-13 00:05:26,290 ERROR MonitoringLogger - Exception in IvrFlowController/Recorded
System.Security.VerificationException: Method System.Net.Http.CloneableExtensions.Clone: type argument 'System.Net.Http.Headers.MediaTypeHeaderValue' violates the constraint of type parameter 'T'.
   at System.Net.Http.Formatting.MediaTypeConstants.get_ApplicationJsonMediaType()
   at System.Net.Http.Formatting.JsonMediaTypeFormatter..ctor()
   at System.Net.Http.Formatting.MediaTypeFormatterCollection.CreateDefaultFormatters()
   at IBM.WatsonDeveloperCloud.Http.WatsonHttpClient..ctor(String baseUri, String userName, String password)
   at IBM.WatsonDeveloperCloud.Service.WatsonService..ctor(String serviceName, String url)
   at IBM.WatsonDeveloperCloud.SpeechToText.v1.SpeechToTextService..ctor(TokenOptions options)
   at ivr_webhook.Controllers.IBMWatsonController.Recorded(BodyData bodyData) in D:\Projects\ivr\ivr-webhook\Controllers\IBMWatsonController.cs:line 67
2019-03-13 00:09:33,015 DEBUG DebugLogger - IBM - https://api.twilio.com/2010-04-01/Accounts/ACdfe342ddbecf65b044a7e098180a75e3/Recordings/REad739d8943541dd1935d75fc9059e1a2
2019-03-13 00:09:42,047 INFO MonitoringLogger - Confidence : 0.38 
 Transcript : A. B. C. B. 
